============================================
        Test 3 - say my name
============================================

This text file is a test that checks for
the module "say_my_name". To start, it enters in
interactive mode(python shell) import the module
needed, and execute some cases:
REMEMBER THERE'S A SPACE BETWEEN FIRST AND LAST NAME

CASE 1:
=======

    >>> say_my_name = __import__('3-say_my_name').say_my_name
    >>> say_my_name("John")
    My name is John 

CASE 2:
=======

    >>> say_my_name("", "Smith")
    My name is  Smith

CASE 3:
=======

    >>> say_my_name()
    Traceback (most recent call last):
    TypeError: say_my_name() missing 1 required positional argument: 'first_name'

CASE 4:
=======

    >>> say_my_name(None)
    Traceback (most recent call last):
    TypeError: first_name must be a string

CASE 5:
=======

    >>> say_my_name(123, "Smith")
    Traceback (most recent call last):
    TypeError: first_name must be a string

CASE 6:
=======

    >>> say_my_name("John", 123)
    Traceback (most recent call last): 
    TypeError: last_name must be a string

CASE 7:
=======

    >>> say_my_name("John", "Smith", 123)
    Traceback (most recent call last):
    TypeError: say_my_name() takes from 1 to 2 positional arguments but 3 were given
